[0103/115101.465:ERROR:directory_reader_win.cc(43)] FindFirstFile: The system cannot find the path specified. (0x3)
[0103/153227.209:ERROR:directory_reader_win.cc(43)] FindFirstFile: The system cannot find the path specified. (0x3)
[0103/201025.106:ERROR:directory_reader_win.cc(43)] FindFirstFile: The system cannot find the path specified. (0x3)
[0104/150834.503:ERROR:settings.cc(320)] Settings magic is not 1129342067
[0104/151834.648:ERROR:directory_reader_win.cc(43)] FindFirstFile: The system cannot find the path specified. (0x3)
[0104/205029.858:ERROR:directory_reader_win.cc(43)] FindFirstFile: The system cannot find the path specified. (0x3)
[0105/154901.997:ERROR:directory_reader_win.cc(43)] FindFirstFile: The system cannot find the path specified. (0x3)
[0106/205332.549:ERROR:directory_reader_win.cc(43)] FindFirstFile: The system cannot find the path specified. (0x3)
[0107/203734.163:ERROR:directory_reader_win.cc(43)] FindFirstFile: The system cannot find the path specified. (0x3)
[0107/230554.797:ERROR:process_reader_win.cc(151)] SuspendThread: Access is denied. (0x5)
[0107/230554.797:ERROR:process_reader_win.cc(151)] SuspendThread: Access is denied. (0x5)
[0107/230554.797:ERROR:process_reader_win.cc(151)] SuspendThread: Access is denied. (0x5)
[0107/230554.797:ERROR:process_reader_win.cc(151)] SuspendThread: Access is denied. (0x5)
[0107/230554.797:ERROR:process_reader_win.cc(151)] SuspendThread: Access is denied. (0x5)
[0107/230554.797:ERROR:process_reader_win.cc(151)] SuspendThread: Access is denied. (0x5)
[0107/230554.797:ERROR:process_reader_win.cc(151)] SuspendThread: Access is denied. (0x5)
[0107/230554.797:ERROR:process_reader_win.cc(151)] SuspendThread: Access is denied. (0x5)
[0107/230554.797:ERROR:process_reader_win.cc(151)] SuspendThread: Access is denied. (0x5)
[0107/230554.797:ERROR:process_reader_win.cc(151)] SuspendThread: Access is denied. (0x5)
[0107/230554.797:ERROR:process_reader_win.cc(151)] SuspendThread: Access is denied. (0x5)
[0107/230554.797:ERROR:process_reader_win.cc(123)] NtOpenThread: {Access Denied} A process has requested access to an object, but has not been granted those access rights. (0xc0000022)
[0107/230554.797:ERROR:exception_snapshot_win.cc(99)] thread ID 8760 not found in process
[0107/230554.828:ERROR:process_reader_win.cc(151)] SuspendThread: Access is denied. (0x5)
[0107/230554.828:ERROR:process_reader_win.cc(151)] SuspendThread: Access is denied. (0x5)
[0107/230554.828:ERROR:process_reader_win.cc(151)] SuspendThread: Access is denied. (0x5)
[0107/230554.828:ERROR:process_reader_win.cc(151)] SuspendThread: Access is denied. (0x5)
[0107/230554.828:ERROR:process_reader_win.cc(151)] SuspendThread: Access is denied. (0x5)
[0107/230554.828:ERROR:process_reader_win.cc(151)] SuspendThread: Access is denied. (0x5)
[0107/230554.828:ERROR:process_reader_win.cc(151)] SuspendThread: Access is denied. (0x5)
[0107/230554.828:ERROR:process_reader_win.cc(151)] SuspendThread: Access is denied. (0x5)
[0107/230554.828:ERROR:process_reader_win.cc(151)] SuspendThread: Access is denied. (0x5)
[0107/230554.828:ERROR:process_reader_win.cc(151)] SuspendThread: Access is denied. (0x5)
[0107/230554.828:ERROR:process_reader_win.cc(151)] SuspendThread: Access is denied. (0x5)
[0107/230554.828:ERROR:process_reader_win.cc(151)] SuspendThread: Access is denied. (0x5)
[0107/230554.828:ERROR:process_reader_win.cc(123)] NtOpenThread: {Access Denied} A process has requested access to an object, but has not been granted those access rights. (0xc0000022)
[0107/230554.828:ERROR:exception_snapshot_win.cc(99)] thread ID 8340 not found in process
[0108/095540.160:ERROR:directory_reader_win.cc(43)] FindFirstFile: The system cannot find the path specified. (0x3)
[0108/145150.359:ERROR:directory_reader_win.cc(43)] FindFirstFile: The system cannot find the path specified. (0x3)
[0108/205629.363:ERROR:directory_reader_win.cc(43)] FindFirstFile: The system cannot find the path specified. (0x3)
[0110/150833.414:ERROR:directory_reader_win.cc(43)] FindFirstFile: The system cannot find the path specified. (0x3)
[0110/210405.571:ERROR:directory_reader_win.cc(43)] FindFirstFile: The system cannot find the path specified. (0x3)
[0112/113027.843:ERROR:directory_reader_win.cc(43)] FindFirstFile: The system cannot find the path specified. (0x3)
[0113/110239.750:ERROR:directory_reader_win.cc(43)] FindFirstFile: The system cannot find the path specified. (0x3)
